<?xml version="1.0" encoding="UTF-8"?>
<!-- Generated by org.testng.reporters.JUnitXMLReporter -->
<testsuite ignored="1" hostname="DESKTOP-ORU1V0L" failures="0" tests="2" name="Default test" time="0.263" errors="0" timestamp="2022-10-18T13:24:39 IST">
  <testcase classname="testNg.Enabled" name="a" time="0.045"/>
  <testcase classname="testNg.Enabled" name="c" time="0.005"/>
  <testcase classname="testNg.Enabled" name="b" time="0.0">
    <ignored/>
  </testcase> <!-- b -->
</testsuite> <!-- Default test -->
