<?xml version="1.0" encoding="UTF-8"?>
<testng-results ignored="1" total="3" passed="2" failed="0" skipped="0">
  <reporter-output>
  </reporter-output>
  <suite started-at="2022-10-18T13:24:39 IST" name="Default suite" finished-at="2022-10-18T13:24:39 IST" duration-ms="263">
    <groups>
    </groups>
    <test started-at="2022-10-18T13:24:39 IST" name="Default test" finished-at="2022-10-18T13:24:39 IST" duration-ms="263">
      <class name="testNg.Enabled">
        <test-method signature="a()[pri:0, instance:testNg.Enabled@1534f01b]" started-at="2022-10-18T13:24:39 IST" name="a" finished-at="2022-10-18T13:24:39 IST" duration-ms="45" status="PASS">
          <reporter-output>
          </reporter-output>
        </test-method> <!-- a -->
        <test-method signature="c()[pri:0, instance:testNg.Enabled@1534f01b]" started-at="2022-10-18T13:24:39 IST" name="c" finished-at="2022-10-18T13:24:39 IST" duration-ms="5" status="PASS">
          <reporter-output>
          </reporter-output>
        </test-method> <!-- c -->
      </class> <!-- testNg.Enabled -->
    </test> <!-- Default test -->
  </suite> <!-- Default suite -->
</testng-results>
